{"name": "test_home_page_top_navbar_merchant_view_option_verification", "status": "broken", "statusDetails": {"message": "selenium.common.exceptions.InvalidSelectorException: Message: invalid selector: Unable to locate an element with the xpath expression //div[@class='widget-title']33 because of the following error:\nSyntaxError: Failed to execute 'evaluate' on 'Document': The string '//div[@class='widget-title']33' is not a valid XPath expression.\n  (Session info: chrome=142.0.7444.60); For documentation on this error, please visit: https://www.selenium.dev/documentation/webdriver/troubleshooting/errors#invalidselectorexception\nStacktrace:\nSymbols not available. Dumping unresolved backtrace:\n\t0x7ff62a887a05\n\t0x7ff62a887a60\n\t0x7ff62a6016ad\n\t0x7ff62a60948f\n\t0x7ff62a60c4ef\n\t0x7ff62a60c5af\n\t0x7ff62a6599e7\n\t0x7ff62a65a44c\n\t0x7ff62a6aebe7\n\t0x7ff62a6ab8fb\n\t0x7ff62a64b068\n\t0x7ff62a64be93\n\t0x7ff62ab429a0\n\t0x7ff62ab3ce20\n\t0x7ff62ab5cc15\n\t0x7ff62a8a309e\n\t0x7ff62a8aad8f\n\t0x7ff62a890be4\n\t0x7ff62a890d9f\n\t0x7ff62a8767f8\n\t0x7ffcf72ce8d7\n\t0x7ffcf888c53c", "trace": "self = <tests.test_LUT_service_portal_home_page_Navbar_functionality.TestLUTServicePortalHomePageNavbarFunctionality object at 0x0000015F03A15F90>\n\n    def test_home_page_top_navbar_merchant_view_option_verification(self):\n        wait = WebDriverWait(self.driver, 30)\n        js_loader = wait_for_element(self.driver, By.CSS_SELECTOR, \"div.loaderContainer\", timeout=20,\n                                     condition=\"invisible\")\n        drop_down = wait_for_element(self.driver, By.XPATH, \"//div[@class='selectField__input-container css-19bb58m']\", timeout=20, condition=\"clickable\")\n        drop_down.click()\n        actions = ActionChains(self.driver)\n        actions.send_keys(Keys.ENTER).perform()\n        home_page_LUT_logo = wait_for_element(self.driver, By.XPATH, \"//div[@class='logo-wrapper']//*[name()='svg']\",timeout=20, condition=\"visible\")\n        assert home_page_LUT_logo.is_displayed()\n        self.driver.find_element(By.XPATH,\"//div[@class='icon-container']//*[name()='svg']\").click()\n        js_loader = wait_for_element(self.driver, By.CSS_SELECTOR, \"div.loaderContainer\", timeout=20,\n                                     condition=\"invisible\")\n>       assert self.driver.find_element(By.XPATH, \"//div[@class='widget-title']33\").is_displayed()\n               ^^^^^^^^^^^^^^^^^^^^^^^^^^^^^^^^^^^^^^^^^^^^^^^^^^^^^^^^^^^^^^^^^^^^\n\ntests\\test_LUT_service_portal_home_page_Navbar_functionality.py:31: \n_ _ _ _ _ _ _ _ _ _ _ _ _ _ _ _ _ _ _ _ _ _ _ _ _ _ _ _ _ _ _ _ _ _ _ _ _ _ _ _ _ _ _ _ _ _ _ _ _ _ _ _ _ _ _ _ _ _ _ _ _ _ _ _ _ _ _ _ _ _ _ _ _ _ _ _ _ _ _ _ _ \n.venv\\Lib\\site-packages\\selenium\\webdriver\\remote\\webdriver.py:926: in find_element\n    return self.execute(Command.FIND_ELEMENT, {\"using\": by, \"value\": value})[\"value\"]\n           ^^^^^^^^^^^^^^^^^^^^^^^^^^^^^^^^^^^^^^^^^^^^^^^^^^^^^^^^^^^^^^^^^\n.venv\\Lib\\site-packages\\selenium\\webdriver\\remote\\webdriver.py:458: in execute\n    self.error_handler.check_response(response)\n_ _ _ _ _ _ _ _ _ _ _ _ _ _ _ _ _ _ _ _ _ _ _ _ _ _ _ _ _ _ _ _ _ _ _ _ _ _ _ _ _ _ _ _ _ _ _ _ _ _ _ _ _ _ _ _ _ _ _ _ _ _ _ _ _ _ _ _ _ _ _ _ _ _ _ _ _ _ _ _ _ \n\nself = <selenium.webdriver.remote.errorhandler.ErrorHandler object at 0x0000015F03A88410>\nresponse = {'status': 400, 'value': '{\"value\":{\"error\":\"invalid selector\",\"message\":\"invalid selector: Unable to locate an elemen...ff62a8aad8f\\\\n\\\\t0x7ff62a890be4\\\\n\\\\t0x7ff62a890d9f\\\\n\\\\t0x7ff62a8767f8\\\\n\\\\t0x7ffcf72ce8d7\\\\n\\\\t0x7ffcf888c53c\\\\n\"}}'}\n\n    def check_response(self, response: dict[str, Any]) -> None:\n        \"\"\"Checks that a JSON response from the WebDriver does not have an\n        error.\n    \n        Args:\n            response: The JSON response from the WebDriver server as a dictionary\n                object.\n    \n        Raises:\n            WebDriverException: If the response contains an error message.\n        \"\"\"\n        status = response.get(\"status\", None)\n        if not status or status == ErrorCode.SUCCESS:\n            return\n        value = None\n        message = response.get(\"message\", \"\")\n        screen: str = response.get(\"screen\", \"\")\n        stacktrace = None\n        if isinstance(status, int):\n            value_json = response.get(\"value\", None)\n            if value_json and isinstance(value_json, str):\n                try:\n                    value = json.loads(value_json)\n                    if isinstance(value, dict):\n                        if len(value) == 1:\n                            value = value[\"value\"]\n                        status = value.get(\"error\", None)\n                        if not status:\n                            status = value.get(\"status\", ErrorCode.UNKNOWN_ERROR)\n                            message = value.get(\"value\") or value.get(\"message\")\n                            if not isinstance(message, str):\n                                value = message\n                                message = message.get(\"message\") if isinstance(message, dict) else None\n                        else:\n                            message = value.get(\"message\", None)\n                except ValueError:\n                    pass\n    \n        exception_class: type[WebDriverException]\n        e = ErrorCode()\n        error_codes = [item for item in dir(e) if not item.startswith(\"__\")]\n        for error_code in error_codes:\n            error_info = getattr(ErrorCode, error_code)\n            if isinstance(error_info, list) and status in error_info:\n                exception_class = getattr(ExceptionMapping, error_code, WebDriverException)\n                break\n        else:\n            exception_class = WebDriverException\n    \n        if not value:\n            value = response[\"value\"]\n        if isinstance(value, str):\n            raise exception_class(value)\n        if message == \"\" and \"message\" in value:\n            message = value[\"message\"]\n    \n        screen = None  # type: ignore[assignment]\n        if \"screen\" in value:\n            screen = value[\"screen\"]\n    \n        stacktrace = None\n        st_value = value.get(\"stackTrace\") or value.get(\"stacktrace\")\n        if st_value:\n            if isinstance(st_value, str):\n                stacktrace = st_value.split(\"\\n\")\n            else:\n                stacktrace = []\n                try:\n                    for frame in st_value:\n                        line = frame.get(\"lineNumber\", \"\")\n                        file = frame.get(\"fileName\", \"<anonymous>\")\n                        if line:\n                            file = f\"{file}:{line}\"\n                        meth = frame.get(\"methodName\", \"<anonymous>\")\n                        if \"className\" in frame:\n                            meth = f\"{frame['className']}.{meth}\"\n                        msg = \"    at %s (%s)\"\n                        msg = msg % (meth, file)\n                        stacktrace.append(msg)\n                except TypeError:\n                    pass\n        if exception_class == UnexpectedAlertPresentException:\n            alert_text = None\n            if \"data\" in value:\n                alert_text = value[\"data\"].get(\"text\")\n            elif \"alert\" in value:\n                alert_text = value[\"alert\"].get(\"text\")\n            raise exception_class(message, screen, stacktrace, alert_text)  # type: ignore[call-arg]  # mypy is not smart enough here\n>       raise exception_class(message, screen, stacktrace)\nE       selenium.common.exceptions.InvalidSelectorException: Message: invalid selector: Unable to locate an element with the xpath expression //div[@class='widget-title']33 because of the following error:\nE       SyntaxError: Failed to execute 'evaluate' on 'Document': The string '//div[@class='widget-title']33' is not a valid XPath expression.\nE         (Session info: chrome=142.0.7444.60); For documentation on this error, please visit: https://www.selenium.dev/documentation/webdriver/troubleshooting/errors#invalidselectorexception\nE       Stacktrace:\nE       Symbols not available. Dumping unresolved backtrace:\nE       \t0x7ff62a887a05\nE       \t0x7ff62a887a60\nE       \t0x7ff62a6016ad\nE       \t0x7ff62a60948f\nE       \t0x7ff62a60c4ef\nE       \t0x7ff62a60c5af\nE       \t0x7ff62a6599e7\nE       \t0x7ff62a65a44c\nE       \t0x7ff62a6aebe7\nE       \t0x7ff62a6ab8fb\nE       \t0x7ff62a64b068\nE       \t0x7ff62a64be93\nE       \t0x7ff62ab429a0\nE       \t0x7ff62ab3ce20\nE       \t0x7ff62ab5cc15\nE       \t0x7ff62a8a309e\nE       \t0x7ff62a8aad8f\nE       \t0x7ff62a890be4\nE       \t0x7ff62a890d9f\nE       \t0x7ff62a8767f8\nE       \t0x7ffcf72ce8d7\nE       \t0x7ffcf888c53c\n\n.venv\\Lib\\site-packages\\selenium\\webdriver\\remote\\errorhandler.py:233: InvalidSelectorException"}, "start": 1762413589187, "stop": 1762413595263, "uuid": "49591b22-b084-44e4-812e-38d53c4c6307", "historyId": "a2d601f3aaf8ae1af4d019a950949494", "testCaseId": "a2d601f3aaf8ae1af4d019a950949494", "fullName": "tests.test_LUT_service_portal_home_page_Navbar_functionality.TestLUTServicePortalHomePageNavbarFunctionality#test_home_page_top_navbar_merchant_view_option_verification", "labels": [{"name": "severity", "value": "critical"}, {"name": "parentSuite", "value": "tests"}, {"name": "suite", "value": "test_LUT_service_portal_home_page_Navbar_functionality"}, {"name": "subSuite", "value": "TestLUTServicePortalHomePageNavbarFunctionality"}, {"name": "host", "value": "Avira-108"}, {"name": "thread", "value": "17068-MainThread"}, {"name": "framework", "value": "pytest"}, {"name": "language", "value": "cpython3"}, {"name": "package", "value": "tests.test_LUT_service_portal_home_page_Navbar_functionality"}], "titlePath": ["tests", "test_LUT_service_portal_home_page_Navbar_functionality.py", "TestLUTServicePortalHomePageNavbarFunctionality"]}