{"name": "test_click_on_update_info_link_and_using_close_option_to_go_back_to_acc_settings_page", "status": "broken", "statusDetails": {"message": "selenium.common.exceptions.TimeoutException: Message: Element not found: xpath='//div[@class='widget-title']' after 20s and 3 retries", "trace": "driver = <selenium.webdriver.chrome.webdriver.WebDriver (session=\"7f34e8916975fc09a2757239324cf62c\")>, locator_type = 'xpath'\nlocator_value = \"//div[@class='widget-title']\", timeout = 20, condition = 'visible', retries = 3, retry_delay = 2\n\n    def wait_for_element(driver, locator_type, locator_value, timeout=20, condition=\"visible\", retries=3, retry_delay=2):\n        \"\"\"\n        Reusable method to wait for an element with flexible conditions and retry support.\n    \n        :param driver: WebDriver instance\n        :param locator_type: selenium.webdriver.common.by.By (e.g., By.XPATH, By.ID)\n        :param locator_value: The locator string (e.g., \"//button[@id='login']\")\n        :param timeout: Maximum time to wait in seconds (default 20)\n        :param condition: Condition type - \"visible\", \"clickable\", \"present\", or \"invisible\"\n        :param retries: Number of retry attempts (default 3)\n        :param retry_delay: Delay between retries in seconds (default 2)\n        :return: The WebElement (except for 'invisible', which returns True/False)\n        \"\"\"\n        attempt = 0\n        while attempt < retries:\n            try:\n                wait = WebDriverWait(driver, timeout)\n                if condition == \"visible\":\n>                   return wait.until(EC.visibility_of_element_located((locator_type, locator_value)))\n                           ^^^^^^^^^^^^^^^^^^^^^^^^^^^^^^^^^^^^^^^^^^^^^^^^^^^^^^^^^^^^^^^^^^^^^^^^^^^\n\nutilities\\wait_helpers.py:24: \n_ _ _ _ _ _ _ _ _ _ _ _ _ _ _ _ _ _ _ _ _ _ _ _ _ _ _ _ _ _ _ _ _ _ _ _ _ _ _ _ _ _ _ _ _ _ _ _ _ _ _ _ _ _ _ _ _ _ _ _ _ _ _ _ _ _ _ _ _ _ _ _ _ _ _ _ _ _ _ _ _ \n\nself = <selenium.webdriver.support.wait.WebDriverWait (session=\"7f34e8916975fc09a2757239324cf62c\")>\nmethod = <function visibility_of_element_located.<locals>._predicate at 0x0000022ACBE22FB0>, message = ''\n\n    def until(self, method: Callable[[D], Union[Literal[False], T]], message: str = \"\") -> T:\n        \"\"\"Wait until the method returns a value that is not False.\n    \n        Calls the method provided with the driver as an argument until the\n        return value does not evaluate to ``False``.\n    \n        Parameters:\n        -----------\n        method: callable(WebDriver)\n            - A callable object that takes a WebDriver instance as an argument.\n    \n        message: str\n            - Optional message for :exc:`TimeoutException`\n    \n        Return:\n        -------\n        object: T\n            - The result of the last call to `method`\n    \n        Raises:\n        -------\n        TimeoutException\n            - If 'method' does not return a truthy value within the WebDriverWait\n            object's timeout\n    \n        Example:\n        --------\n        >>> from selenium.webdriver.common.by import By\n        >>> from selenium.webdriver.support.ui import WebDriverWait\n        >>> from selenium.webdriver.support import expected_conditions as EC\n    \n        # Wait until an element is visible on the page\n        >>> wait = WebDriverWait(driver, 10)\n        >>> element = wait.until(EC.visibility_of_element_located((By.ID, \"exampleId\")))\n        >>> print(element.text)\n        \"\"\"\n        screen = None\n        stacktrace = None\n    \n        end_time = time.monotonic() + self._timeout\n        while True:\n            try:\n                value = method(self._driver)\n                if value:\n                    return value\n            except self._ignored_exceptions as exc:\n                screen = getattr(exc, \"screen\", None)\n                stacktrace = getattr(exc, \"stacktrace\", None)\n            if time.monotonic() > end_time:\n                break\n            time.sleep(self._poll)\n>       raise TimeoutException(message, screen, stacktrace)\nE       selenium.common.exceptions.TimeoutException: Message: \nE       Stacktrace:\nE       Symbols not available. Dumping unresolved backtrace:\nE       \t0x7ff7783e7a05\nE       \t0x7ff7783e7a60\nE       \t0x7ff7781616ad\nE       \t0x7ff7781ba13e\nE       \t0x7ff7781ba44c\nE       \t0x7ff77820ebe7\nE       \t0x7ff77820b8fb\nE       \t0x7ff7781ab068\nE       \t0x7ff7781abe93\nE       \t0x7ff7786a29a0\nE       \t0x7ff77869ce20\nE       \t0x7ff7786bcc15\nE       \t0x7ff77840309e\nE       \t0x7ff77840ad8f\nE       \t0x7ff7783f0be4\nE       \t0x7ff7783f0d9f\nE       \t0x7ff7783d67f8\nE       \t0x7ffec3aae8d7\nE       \t0x7ffec5d6c53c\n\n.venv\\Lib\\site-packages\\selenium\\webdriver\\support\\wait.py:138: TimeoutException\n\nDuring handling of the above exception, another exception occurred:\n\nrequest = <SubRequest 'setup_and_teardown_login' for <Function test_click_on_update_info_link_and_using_close_option_to_go_back_to_acc_settings_page>>\ndownload_dir = WindowsPath('C:/Users/Surya/AppData/Local/Temp/pytest-of-Surya/pytest-39/test_click_on_update_info_link1')\n\n    @pytest.fixture(scope=\"function\")\n    def setup_and_teardown_login(request, download_dir):\n        \"\"\"\n        Same name kept. Now provides a driver with download prefs enabled\n        by passing download_dir into initialize_driver().\n        \"\"\"\n        global driver\n        driver = initialize_driver(download_dir=download_dir)  # <-- enables downloads\n        login_page = LoginPage(driver)\n        login_page.waiting_for_js_loader_to_disappear()\n        login_page.verify_login_page_LUT_logo_is_displayed()\n        login_page.login_to_application(\"bankdata2@gmail.com\", \"Admin@123\")\n        home_page = HomePage(driver)\n        home_page.waiting_for_js_loader_to_disappear()\n>       home_page.verify_settlement_summary_widget_is_displayed()\n\ntests\\conftest.py:164: \n_ _ _ _ _ _ _ _ _ _ _ _ _ _ _ _ _ _ _ _ _ _ _ _ _ _ _ _ _ _ _ _ _ _ _ _ _ _ _ _ _ _ _ _ _ _ _ _ _ _ _ _ _ _ _ _ _ _ _ _ _ _ _ _ _ _ _ _ _ _ _ _ _ _ _ _ _ _ _ _ _ \npages\\HomePage.py:79: in verify_settlement_summary_widget_is_displayed\n    settlement_summary_widget = wait_for_element(self.driver,By.XPATH,self.daily_settlement_summary_widget_xpath,timeout=20,condition=\"visible\")\n                                ^^^^^^^^^^^^^^^^^^^^^^^^^^^^^^^^^^^^^^^^^^^^^^^^^^^^^^^^^^^^^^^^^^^^^^^^^^^^^^^^^^^^^^^^^^^^^^^^^^^^^^^^^^^^^^^^\n_ _ _ _ _ _ _ _ _ _ _ _ _ _ _ _ _ _ _ _ _ _ _ _ _ _ _ _ _ _ _ _ _ _ _ _ _ _ _ _ _ _ _ _ _ _ _ _ _ _ _ _ _ _ _ _ _ _ _ _ _ _ _ _ _ _ _ _ _ _ _ _ _ _ _ _ _ _ _ _ _ \n\ndriver = <selenium.webdriver.chrome.webdriver.WebDriver (session=\"7f34e8916975fc09a2757239324cf62c\")>, locator_type = 'xpath'\nlocator_value = \"//div[@class='widget-title']\", timeout = 20, condition = 'visible', retries = 3, retry_delay = 2\n\n    def wait_for_element(driver, locator_type, locator_value, timeout=20, condition=\"visible\", retries=3, retry_delay=2):\n        \"\"\"\n        Reusable method to wait for an element with flexible conditions and retry support.\n    \n        :param driver: WebDriver instance\n        :param locator_type: selenium.webdriver.common.by.By (e.g., By.XPATH, By.ID)\n        :param locator_value: The locator string (e.g., \"//button[@id='login']\")\n        :param timeout: Maximum time to wait in seconds (default 20)\n        :param condition: Condition type - \"visible\", \"clickable\", \"present\", or \"invisible\"\n        :param retries: Number of retry attempts (default 3)\n        :param retry_delay: Delay between retries in seconds (default 2)\n        :return: The WebElement (except for 'invisible', which returns True/False)\n        \"\"\"\n        attempt = 0\n        while attempt < retries:\n            try:\n                wait = WebDriverWait(driver, timeout)\n                if condition == \"visible\":\n                    return wait.until(EC.visibility_of_element_located((locator_type, locator_value)))\n                elif condition == \"clickable\":\n                    return wait.until(EC.element_to_be_clickable((locator_type, locator_value)))\n                elif condition == \"present\":\n                    return wait.until(EC.presence_of_element_located((locator_type, locator_value)))\n                elif condition == \"invisible\":\n                    return wait.until(EC.invisibility_of_element_located((locator_type, locator_value)))\n                else:\n                    raise ValueError(f\"Unsupported condition type: {condition}\")\n            except TimeoutException:\n                attempt += 1\n                if attempt < retries:\n                    time.sleep(retry_delay)\n                else:\n>                   raise TimeoutException(f\"Element not found: {locator_type}='{locator_value}' after {timeout}s and {retries} retries\")\nE                   selenium.common.exceptions.TimeoutException: Message: Element not found: xpath='//div[@class='widget-title']' after 20s and 3 retries\n\nutilities\\wait_helpers.py:38: TimeoutException"}, "start": 1762874876330, "stop": 1762874876330, "uuid": "0a3c61ac-f216-4b8c-b4f5-e9c7361b16d1", "historyId": "c359cab211c5838512b8bf58afebc880", "testCaseId": "c359cab211c5838512b8bf58afebc880", "fullName": "tests.test_LUT_service_portal_Account_Settings_Page.TestLUTServicePortalAccountSettingsPage#test_click_on_update_info_link_and_using_close_option_to_go_back_to_acc_settings_page", "labels": [{"name": "severity", "value": "normal"}, {"name": "parentSuite", "value": "tests"}, {"name": "suite", "value": "test_LUT_service_portal_Account_Settings_Page"}, {"name": "subSuite", "value": "TestLUTServicePortalAccountSettingsPage"}, {"name": "host", "value": "Avira-108"}, {"name": "thread", "value": "7620-MainThread"}, {"name": "framework", "value": "pytest"}, {"name": "language", "value": "cpython3"}, {"name": "package", "value": "tests.test_LUT_service_portal_Account_Settings_Page"}], "titlePath": ["tests", "test_LUT_service_portal_Account_Settings_Page.py", "TestLUTServicePortalAccountSettingsPage"]}