{"name": "test_home_page_top_navbar_search_invalid_transaction_ID_functionality", "status": "broken", "statusDetails": {"message": "selenium.common.exceptions.InvalidSelectorException: Message: invalid selector: Unable to locate an element with the xpath expression //div[@class='id-notfound']12 because of the following error:\nSyntaxError: Failed to execute 'evaluate' on 'Document': The string '//div[@class='id-notfound']12' is not a valid XPath expression.\n  (Session info: MicrosoftEdge=142.0.3595.53); For documentation on this error, please visit: https://www.selenium.dev/documentation/webdriver/troubleshooting/errors#invalidselectorexception\nStacktrace:\nSymbols not available. Dumping unresolved backtrace:\n\t0x7ff659a39a65\n\t0x7ff659a39ac4\n\t0x7ff659beb8a8\n\t0x7ff6597b333f\n\t0x7ff6597b56cf\n\t0x7ff6597b578f\n\t0x7ff6597f3c0e\n\t0x7ff6597f431b\n\t0x7ff659830777\n\t0x7ff6597eb3d5\n\t0x7ff65982e6f2\n\t0x7ff6597ea8aa\n\t0x7ff6597e9bd1\n\t0x7ff6597ea6d3\n\t0x7ff6598a65f4\n\t0x7ff6598a2b17\n\t0x7ff659a666c5\n\t0x7ff659a54b21\n\t0x7ff659a5cfc9\n\t0x7ff659a40fb4\n\t0x7ff659a41103\n\t0x7ff659a2ee36\n\t0x7ff84e00e8d7\n\t0x7ff84f66c53c", "trace": "self = <tests.test_LUT_service_portal_home_page_Navbar_functionality.TestLUTServicePortalHomePageNavbarFunctionality object at 0x000001B63282BE10>\n\n    def test_home_page_top_navbar_search_invalid_transaction_ID_functionality(self):\n        transaction_id_field = self.driver.find_element(By.XPATH,\"//input[@placeholder='Transaction ID']\")\n        transaction_id_field.send_keys(\"123456\")\n        actions = ActionChains(self.driver)\n        actions.send_keys(Keys.ENTER).perform()\n     #  driver.find_element(By.XPATH,\"//img[@alt='search-icon']\").click()  ''' Click functionality is not working so i used Action chains to click enter '''\n        WebDriverWait(self.driver, 20).until(EC.visibility_of_element_located((By.XPATH, \"//div[@class='id-notfound']\")))\n>       assert self.driver.find_element(By.XPATH,\"//div[@class='id-notfound']12\").is_displayed()\n               ^^^^^^^^^^^^^^^^^^^^^^^^^^^^^^^^^^^^^^^^^^^^^^^^^^^^^^^^^^^^^^^^^^\n\ntests\\test_LUT_service_portal_home_page_Navbar_functionality.py:41: \n_ _ _ _ _ _ _ _ _ _ _ _ _ _ _ _ _ _ _ _ _ _ _ _ _ _ _ _ _ _ _ _ _ _ _ _ _ _ _ _ _ _ _ _ _ _ _ _ _ _ _ _ _ _ _ _ _ _ _ _ _ _ _ _ _ _ _ _ _ _ _ _ _ _ _ _ _ _ _ _ _ \n.venv\\Lib\\site-packages\\selenium\\webdriver\\remote\\webdriver.py:926: in find_element\n    return self.execute(Command.FIND_ELEMENT, {\"using\": by, \"value\": value})[\"value\"]\n           ^^^^^^^^^^^^^^^^^^^^^^^^^^^^^^^^^^^^^^^^^^^^^^^^^^^^^^^^^^^^^^^^^\n.venv\\Lib\\site-packages\\selenium\\webdriver\\remote\\webdriver.py:458: in execute\n    self.error_handler.check_response(response)\n_ _ _ _ _ _ _ _ _ _ _ _ _ _ _ _ _ _ _ _ _ _ _ _ _ _ _ _ _ _ _ _ _ _ _ _ _ _ _ _ _ _ _ _ _ _ _ _ _ _ _ _ _ _ _ _ _ _ _ _ _ _ _ _ _ _ _ _ _ _ _ _ _ _ _ _ _ _ _ _ _ \n\nself = <selenium.webdriver.remote.errorhandler.ErrorHandler object at 0x000001B63290BD90>\nresponse = {'status': 400, 'value': '{\"value\":{\"error\":\"invalid selector\",\"message\":\"invalid selector: Unable to locate an elemen...ff659a5cfc9\\\\n\\\\t0x7ff659a40fb4\\\\n\\\\t0x7ff659a41103\\\\n\\\\t0x7ff659a2ee36\\\\n\\\\t0x7ff84e00e8d7\\\\n\\\\t0x7ff84f66c53c\\\\n\"}}'}\n\n    def check_response(self, response: dict[str, Any]) -> None:\n        \"\"\"Checks that a JSON response from the WebDriver does not have an\n        error.\n    \n        Args:\n            response: The JSON response from the WebDriver server as a dictionary\n                object.\n    \n        Raises:\n            WebDriverException: If the response contains an error message.\n        \"\"\"\n        status = response.get(\"status\", None)\n        if not status or status == ErrorCode.SUCCESS:\n            return\n        value = None\n        message = response.get(\"message\", \"\")\n        screen: str = response.get(\"screen\", \"\")\n        stacktrace = None\n        if isinstance(status, int):\n            value_json = response.get(\"value\", None)\n            if value_json and isinstance(value_json, str):\n                try:\n                    value = json.loads(value_json)\n                    if isinstance(value, dict):\n                        if len(value) == 1:\n                            value = value[\"value\"]\n                        status = value.get(\"error\", None)\n                        if not status:\n                            status = value.get(\"status\", ErrorCode.UNKNOWN_ERROR)\n                            message = value.get(\"value\") or value.get(\"message\")\n                            if not isinstance(message, str):\n                                value = message\n                                message = message.get(\"message\") if isinstance(message, dict) else None\n                        else:\n                            message = value.get(\"message\", None)\n                except ValueError:\n                    pass\n    \n        exception_class: type[WebDriverException]\n        e = ErrorCode()\n        error_codes = [item for item in dir(e) if not item.startswith(\"__\")]\n        for error_code in error_codes:\n            error_info = getattr(ErrorCode, error_code)\n            if isinstance(error_info, list) and status in error_info:\n                exception_class = getattr(ExceptionMapping, error_code, WebDriverException)\n                break\n        else:\n            exception_class = WebDriverException\n    \n        if not value:\n            value = response[\"value\"]\n        if isinstance(value, str):\n            raise exception_class(value)\n        if message == \"\" and \"message\" in value:\n            message = value[\"message\"]\n    \n        screen = None  # type: ignore[assignment]\n        if \"screen\" in value:\n            screen = value[\"screen\"]\n    \n        stacktrace = None\n        st_value = value.get(\"stackTrace\") or value.get(\"stacktrace\")\n        if st_value:\n            if isinstance(st_value, str):\n                stacktrace = st_value.split(\"\\n\")\n            else:\n                stacktrace = []\n                try:\n                    for frame in st_value:\n                        line = frame.get(\"lineNumber\", \"\")\n                        file = frame.get(\"fileName\", \"<anonymous>\")\n                        if line:\n                            file = f\"{file}:{line}\"\n                        meth = frame.get(\"methodName\", \"<anonymous>\")\n                        if \"className\" in frame:\n                            meth = f\"{frame['className']}.{meth}\"\n                        msg = \"    at %s (%s)\"\n                        msg = msg % (meth, file)\n                        stacktrace.append(msg)\n                except TypeError:\n                    pass\n        if exception_class == UnexpectedAlertPresentException:\n            alert_text = None\n            if \"data\" in value:\n                alert_text = value[\"data\"].get(\"text\")\n            elif \"alert\" in value:\n                alert_text = value[\"alert\"].get(\"text\")\n            raise exception_class(message, screen, stacktrace, alert_text)  # type: ignore[call-arg]  # mypy is not smart enough here\n>       raise exception_class(message, screen, stacktrace)\nE       selenium.common.exceptions.InvalidSelectorException: Message: invalid selector: Unable to locate an element with the xpath expression //div[@class='id-notfound']12 because of the following error:\nE       SyntaxError: Failed to execute 'evaluate' on 'Document': The string '//div[@class='id-notfound']12' is not a valid XPath expression.\nE         (Session info: MicrosoftEdge=142.0.3595.53); For documentation on this error, please visit: https://www.selenium.dev/documentation/webdriver/troubleshooting/errors#invalidselectorexception\nE       Stacktrace:\nE       Symbols not available. Dumping unresolved backtrace:\nE       \t0x7ff659a39a65\nE       \t0x7ff659a39ac4\nE       \t0x7ff659beb8a8\nE       \t0x7ff6597b333f\nE       \t0x7ff6597b56cf\nE       \t0x7ff6597b578f\nE       \t0x7ff6597f3c0e\nE       \t0x7ff6597f431b\nE       \t0x7ff659830777\nE       \t0x7ff6597eb3d5\nE       \t0x7ff65982e6f2\nE       \t0x7ff6597ea8aa\nE       \t0x7ff6597e9bd1\nE       \t0x7ff6597ea6d3\nE       \t0x7ff6598a65f4\nE       \t0x7ff6598a2b17\nE       \t0x7ff659a666c5\nE       \t0x7ff659a54b21\nE       \t0x7ff659a5cfc9\nE       \t0x7ff659a40fb4\nE       \t0x7ff659a41103\nE       \t0x7ff659a2ee36\nE       \t0x7ff84e00e8d7\nE       \t0x7ff84f66c53c\n\n.venv\\Lib\\site-packages\\selenium\\webdriver\\remote\\errorhandler.py:233: InvalidSelectorException"}, "start": 1762327719591, "stop": 1762327719805, "uuid": "7d307809-56f7-4391-963a-cbb72fd5230b", "historyId": "ee56ccc0ad3e7c046c32685ae190e1dc", "testCaseId": "ee56ccc0ad3e7c046c32685ae190e1dc", "fullName": "tests.test_LUT_service_portal_home_page_Navbar_functionality.TestLUTServicePortalHomePageNavbarFunctionality#test_home_page_top_navbar_search_invalid_transaction_ID_functionality", "labels": [{"name": "severity", "value": "critical"}, {"name": "parentSuite", "value": "tests"}, {"name": "suite", "value": "test_LUT_service_portal_home_page_Navbar_functionality"}, {"name": "subSuite", "value": "TestLUTServicePortalHomePageNavbarFunctionality"}, {"name": "host", "value": "Avira-108"}, {"name": "thread", "value": "34240-MainThread"}, {"name": "framework", "value": "pytest"}, {"name": "language", "value": "cpython3"}, {"name": "package", "value": "tests.test_LUT_service_portal_home_page_Navbar_functionality"}], "titlePath": ["tests", "test_LUT_service_portal_home_page_Navbar_functionality.py", "TestLUTServicePortalHomePageNavbarFunctionality"]}